<?xml version="1.0" encoding="UTF-8"?>
<testsuite xmlns:xsi="http://www.w3.org/2001/XMLSchema-instance" xsi:noNamespaceSchemaLocation="https://maven.apache.org/surefire/maven-surefire-plugin/xsd/surefire-test-report-3.0.xsd" version="3.0" name="com.example.hexagonalapp.infrastructure.adapter.in.UserControllerTest" time="0.63" tests="3" errors="0" skipped="0" failures="0">
  <properties>
[...]
</properties>
  <testcase name="getUser_success" classname="com.example.hexagonalapp.infrastructure.adapter.in.UserControllerTest" time="0.037">
    <system-out><![CDATA[13:36:41.635 [main] INFO org.springframework.test.context.support.AnnotationConfigContextLoaderUtils -- Could not detect default configuration classes for test class [com.example.hexagonalapp.infrastructure.adapter.in.UserControllerTest]: UserControllerTest does not declare any static, non-private, non-final, nested classes annotated with @Configuration.
13:36:41.677 [main] INFO org.springframework.boot.test.context.SpringBootTestContextBootstrapper -- Found @SpringBootConfiguration com.example.hexagonalapp.HexagonalAppApplication for test class com.example.hexagonalapp.infrastructure.adapter.in.UserControllerTest

  .   ____          _            __ _ _
 /\\ / ___'_ __ _ _(_)_ __  __ _ \ \ \ \
( ( )\___ | '_ | '_| | '_ \/ _` | \ \ \ \
 \\/  ___)| |_)| | | | | || (_| |  ) ) ) )
  '  |____| .__|_| |_|_| |_\__, | / / / /
 =========|_|==============|___/=/_/_/_/
 :: Spring Boot ::                (v3.2.0)

2025-10-13T13:36:41.826+02:00  INFO 80616 --- [hexagonal-app] [           main] c.e.h.i.adapter.in.UserControllerTest    : Starting UserControllerTest using Java 25 with PID 80616 (started by elturcofarid in /Users/elturcofarid/Desarrollo/Servicio Base)
2025-10-13T13:36:41.827+02:00  INFO 80616 --- [hexagonal-app] [           main] c.e.h.i.adapter.in.UserControllerTest    : No active profile set, falling back to 1 default profile: "default"
2025-10-13T13:36:42.148+02:00  INFO 80616 --- [hexagonal-app] [           main] o.s.b.t.m.w.SpringBootMockServletContext : Initializing Spring TestDispatcherServlet ''
2025-10-13T13:36:42.148+02:00  INFO 80616 --- [hexagonal-app] [           main] o.s.t.web.servlet.TestDispatcherServlet  : Initializing Servlet ''
2025-10-13T13:36:42.149+02:00  INFO 80616 --- [hexagonal-app] [           main] o.s.t.web.servlet.TestDispatcherServlet  : Completed initialization in 1 ms
2025-10-13T13:36:42.158+02:00  INFO 80616 --- [hexagonal-app] [           main] c.e.h.i.adapter.in.UserControllerTest    : Started UserControllerTest in 0.462 seconds (process running for 1.181)
]]></system-out>
  </testcase>
  <testcase name="createUser_success" classname="com.example.hexagonalapp.infrastructure.adapter.in.UserControllerTest" time="0.034"/>
  <testcase name="createUser_validationError" classname="com.example.hexagonalapp.infrastructure.adapter.in.UserControllerTest" time="0.003">
    <system-out><![CDATA[2025-10-13T13:36:42.236+02:00  WARN 80616 --- [hexagonal-app] [           main] .w.s.m.s.DefaultHandlerExceptionResolver : Resolved [org.springframework.web.bind.MethodArgumentNotValidException: Validation failed for argument [0] in public org.springframework.http.ResponseEntity<com.example.hexagonalapp.infrastructure.adapter.in.UserResponse> com.example.hexagonalapp.infrastructure.adapter.in.UserController.createUser(com.example.hexagonalapp.infrastructure.adapter.in.UserController$CreateUserRequest): [Field error in object 'createUserRequest' on field 'email': rejected value []; codes [NotBlank.createUserRequest.email,NotBlank.email,NotBlank.java.lang.String,NotBlank]; arguments [org.springframework.context.support.DefaultMessageSourceResolvable: codes [createUserRequest.email,email]; arguments []; default message [email]]; default message [Email is required]] ]
]]></system-out>
  </testcase>
</testsuite>